<?xml version="1.0" encoding="UTF-8"?>
<testsuites name="TestSuite" time="14" tests="1" failures="0" errors="0">
   <testsuite name="TestSuite" tests="1" failures="0" errors="0" time="14" timestamp="2019-08-16 17:36:18" hostname="OZARGA - LAPTOP-OZARGA" id="Test Suites/TestSuite">
      <properties>
         <property name="deviceName" value=""/>
         <property name="devicePlatform" value=""/>
         <property name="logFolder" value="C:\\Users\\OZARGA\\Katalon Studio\\ProjectNoSpaces\\Reports\\TestSuite\\20190816_173609"/>
         <property name="logFiles" value="C:\\Users\\OZARGA\\Katalon Studio\\ProjectNoSpaces\\Reports\\TestSuite\\20190816_173609\\execution0.log"/>
         <property name="attachments" value=""/>
         <property name="hostName" value="OZARGA - LAPTOP-OZARGA"/>
         <property name="os" value="Windows 10 64bit"/>
         <property name="katalonVersion" value="5.8.6.1"/>
         <property name="browser" value="Firefox 68.0"/>
         <property name="hostAddress" value="10.155.1.10"/>
         <property name="sessionId" value="186b0f36-b7a1-4a93-b2fc-70b1d0330f0a"/>
         <property name="seleniumVersion" value="3.7.1"/>
         <property name="proxyInformation" value="ProxyInformation{proxyOption=NO_PROXY, proxyServerType=HTTP, password=, proxyServerAddress=, proxyServerPort=0}"/>
         <property name="platform" value="Windows 10"/>
      </properties>
      <testcase name="Test Cases/CaseNoSpace" classname="Test Cases/CaseNoSpace" status="PASSED">
         <system-out><![CDATA[2019-08-16 17:36:19 - [TEST_CASE][PASSED] - Test Cases/CaseNoSpace: Test Cases/CaseNoSpace

2019-08-16 17:36:20 - [TEST_STEP][PASSED] - openBrowser: Browser is opened with url: ''

2019-08-16 17:36:30 - [MESSAGE][PASSED] - Browser is opened with url: ''

2019-08-16 17:36:30 - [TEST_STEP][PASSED] - closeBrowser: Browser is closed

2019-08-16 17:36:32 - [MESSAGE][PASSED] - Browser is closed]]></system-out>
         <system-err><![CDATA[]]></system-err>
      </testcase>
      <system-out><![CDATA[2019-08-16 17:36:18 - [TEST_SUITE][PASSED] - TestSuite: Test Cases/CaseNoSpace]]></system-out>
      <system-err><![CDATA[]]></system-err>
   </testsuite>
</testsuites>
